0 silly argv {
0 silly argv   _: [ 'version' ],
0 silly argv   lernaVersion: '4.0.0',
0 silly argv   '$0': 'C:\\ENV\\Node\\node_global\\node_modules\\lerna\\cli.js'
0 silly argv }
1 notice cli v4.0.0
2 verbose rootPath D:\zhall
3 info current version 0.0.0
4 silly isAnythingCommitted
5 verbose isAnythingCommitted 1
6 silly getCurrentBranch
7 verbose currentBranch main
8 silly remoteBranchExists
9 silly isBehindUpstream
10 error Error: Command failed with exit code 1: git remote update
10 error fatal: unable to access 'https://github.com/zhangheng0317/zhall.git/': Failed to connect to github.com port 443 after 21059 ms: Timed out
10 error error: Could not fetch origin
10 error Fetching origin
10 error     at makeError (C:\ENV\Node\node_global\node_modules\lerna\node_modules\execa\lib\error.js:60:11)
10 error     at Function.module.exports.sync (C:\ENV\Node\node_global\node_modules\lerna\node_modules\execa\index.js:194:17)
10 error     at Object.execSync (C:\ENV\Node\node_global\node_modules\lerna\node_modules\@lerna\child-process\index.js:39:16)
10 error     at updateRemote (C:\ENV\Node\node_global\node_modules\lerna\node_modules\@lerna\version\lib\is-behind-upstream.js:34:16)
10 error     at isBehindUpstream (C:\ENV\Node\node_global\node_modules\lerna\node_modules\@lerna\version\lib\is-behind-upstream.js:16:3)
10 error     at VersionCommand.initialize (C:\ENV\Node\node_global\node_modules\lerna\node_modules\@lerna\version\index.js:153:9)
